<?xml version="1.0" encoding="UTF-8"?>
<!-- Generated by org.testng.reporters.JUnitReportReporter -->
<testsuite hostname="Anandhakrishnan" failures="0" tests="1" name="com.fai.pageexecution.dataa_Provider" time="10.995" errors="0" timestamp="2023-08-15T16:00:28 IST" skipped="0">
  <testcase classname="com.fai.pageexecution.dataa_Provider" name="login" time="10.995"/>
  <system-out/>
</testsuite> <!-- com.fai.pageexecution.dataa_Provider -->
