<?xml version="1.0" encoding="UTF-8"?>
<!-- Generated by org.testng.reporters.JUnitReportReporter -->
<testsuite hostname="Anandhakrishnan" failures="0" tests="1" name="com.fai.pageexecution.Demo_Login" time="11.799" errors="0" timestamp="2023-08-17T18:26:43 IST" skipped="0">
  <testcase classname="com.fai.pageexecution.Demo_Login" name="login" time="11.799"/>
  <system-out/>
</testsuite> <!-- com.fai.pageexecution.Demo_Login -->
