<?xml version="1.0" encoding="UTF-8"?>
<!-- Generated by org.testng.reporters.JUnitReportReporter -->
<testsuite hostname="Anandhakrishnan" failures="0" tests="3" name="com.fai.pageexecution.PageExecution" time="51.233" errors="0" timestamp="2023-08-17T16:32:41 IST" skipped="0">
  <testcase classname="com.fai.pageexecution.PageExecution" name="login" time="13.139"/>
  <system-out/>
  <testcase classname="com.fai.pageexecution.PageExecution" name="laptops" time="21.145"/>
  <system-out/>
  <testcase classname="com.fai.pageexecution.PageExecution" name="place_Order" time="16.949"/>
  <system-out/>
</testsuite> <!-- com.fai.pageexecution.PageExecution -->
