<?xml version="1.0" encoding="UTF-8"?>
<!-- Generated by org.testng.reporters.JUnitReportReporter -->
<testsuite hostname="Anandhakrishnan" failures="0" tests="1" name="com.fai.pageexecution.HomePage" time="15.355" errors="0" timestamp="2023-08-19T23:50:09 IST" skipped="0">
  <testcase classname="com.fai.pageexecution.HomePage" name="amazon_sceience" time="15.355"/>
  <system-out/>
</testsuite> <!-- com.fai.pageexecution.HomePage -->
