<?xml version="1.0" encoding="UTF-8"?>
<!-- Generated by org.testng.reporters.JUnitReportReporter -->
<testsuite hostname="Anandhakrishnan" failures="0" tests="2" name="com.fai.pageexecution.Inv_Count" time="16.250" errors="0" timestamp="2023-08-17T18:32:46 IST" skipped="0">
  <testcase classname="com.fai.pageexecution.Inv_Count" name="career" time="7.786"/>
  <system-out/>
  <testcase classname="com.fai.pageexecution.Inv_Count" name="career" time="8.464"/>
  <system-out/>
</testsuite> <!-- com.fai.pageexecution.Inv_Count -->
